17:04:38.415 [main] DEBUG Config - resource=/C:/itjProject/HpnBbnkDemon/docs/HpnBbnkDemon/hpnbbnk.properties
17:04:38.448 [main] DEBUG LogFactory - Logging initialized using 'class com.hyphen.fbnk.bbnk.logging.Slf4jImpl' adapter...
17:04:38.448 [main] DEBUG LogFactory - isDebugEnabled=true, isTraceEnabled=false
17:04:38.450 [main] DEBUG Config - hyphenId=A002
17:04:38.450 [main] DEBUG Config - sendDir=C:\itjProject\HpnBbnkDemon\docs\HpnBbnkDemon\send, usedDir=C:\itjProject\HpnBbnkDemon\docs\HpnBbnkDemon\send\usedfile, recvDir=C:\itjProject\HpnBbnkDemon\docs\HpnBbnkDemon\recv, recvDataTp=ZZZ, fromDate=20230607, toDate=20230614, reqTp=E, monitTerm=10, delnYn=false, zipYn=false, netBps=2M, fileNameTp=DFLT, runMode=T, customIpYn=N
17:04:38.456 [main] DEBUG HpnBbnkDemon - [setSndFile] ABRQ20191211_A0010081200.001
17:04:38.456 [main] ERROR HpnBbnkDemon - [setSndFile] not workdate file 20191211
17:04:38.463 [main] DEBUG HpnBbnkDemon - [chkRcvData] work 4 hyphenId:A002
17:04:38.463 [main] DEBUG HpnBbnk - [recvDataMulti](START) sendCd=A002, recvCd=9999, infoCd=ZZZ, fromDt=20230607, toDt=20230614, findRng=E, sFNmTp=DFLT, recvDir=C:\itjProject\HpnBbnkDemon\docs\HpnBbnkDemon\recv, runMode=T
17:04:38.466 [main] DEBUG UpdnLib - [rcvDataMulti] ipAddr=210.181.28.96, port=29994, sendCd=A002, recvCd=9999, infoCd=ZZZ, fromDt=230607, toDt=230614, fRng=MSG_TP_REQ_YET, fNmTp=DEFAULT, recvDir=C:\itjProject\HpnBbnkDemon\docs\HpnBbnkDemon\recv, zipYn=false, encTp=SEED
17:04:42.806 [main] DEBUG UpdnLib - [chkRplyMsg] NO_DATA
17:04:42.921 [main] DEBUG HpnBbnk - [recvDataMulti](NO_DATA) sendCd=A002, recvCd=9999, infoCd=ZZZ, fromDt=230607, toDt=230614, findRng=E, runMode=T
17:04:42.921 [main] DEBUG HpnBbnkDemon - [chkRcvData](A002) NO_DATA
17:04:42.921 [main] DEBUG HpnBbnkDemon - WAIT...


17:14:42.935 [main] DEBUG Config - resource=/C:/itjProject/HpnBbnkDemon/docs/HpnBbnkDemon/hpnbbnk.properties
17:14:42.936 [main] DEBUG Config - hyphenId=A002
17:14:42.936 [main] DEBUG Config - hyphenId=A003
17:14:42.936 [main] DEBUG Config - sendDir=C:\itjProject\HpnBbnkDemon\docs\HpnBbnkDemon\send, usedDir=C:\itjProject\HpnBbnkDemon\docs\HpnBbnkDemon\send\usedfile, recvDir=C:\itjProject\HpnBbnkDemon\docs\HpnBbnkDemon\recv, recvDataTp=ZZZ, fromDate=20230607, toDate=20230614, reqTp=E, monitTerm=10, delnYn=false, zipYn=false, netBps=2M, fileNameTp=DFLT, runMode=T, customIpYn=N
17:14:42.937 [main] DEBUG HpnBbnkDemon - [setSndFile] ABRQ20230614_A0020181R00.001
17:14:42.938 [main] DEBUG HpnBbnkDemon - [setSndFile] ABRQ20230614_A0030181R00.001
17:14:42.939 [main] DEBUG HpnBbnk - [sendDataMulti](START) DtoFileList{sendDt='20230614', infoCd='R00', sendCd='A002', recvCd='0181', seqNo='001', filePath='C:\itjProject\HpnBbnkDemon\docs\HpnBbnkDemon\send\ABRQ20230614_A0020181R00.001', retCd='false'}, fNmTp=DFLT, runMode=T
17:14:42.939 [main] DEBUG HpnBbnk - [sendDataMulti](START) DtoFileList{sendDt='20230614', infoCd='R00', sendCd='A003', recvCd='0181', seqNo='001', filePath='C:\itjProject\HpnBbnkDemon\docs\HpnBbnkDemon\send\ABRQ20230614_A0030181R00.001', retCd='false'}, fNmTp=DFLT, runMode=T
17:14:42.939 [main] DEBUG UpdnLib - [sndDataMulti] ipAddr=210.181.28.96, port=29994, sendCd=A002, fileListCnt=2, zipYn=false, encTp=SEED, maxBps=2M, fNmTp=DFLT
17:14:43.448 [main] DEBUG UpdnLib - [sndDataMulti](1/2) DtoFileList{sendDt='20230614', infoCd='R00', sendCd='A002', recvCd='0181', seqNo='001', filePath='C:\itjProject\HpnBbnkDemon\docs\HpnBbnkDemon\send\ABRQ20230614_A0020181R00.001', retCd='false'}
17:14:43.850 [main] DEBUG UpdnLib - [upLoadProcess] sendFile=[C:\itjProject\HpnBbnkDemon\docs\HpnBbnkDemon\send\ABRQ20230614_A0020181R00.001]
17:14:43.851 [main] DEBUG Util - [controlSpeed] MAX_BPS=[2M]
17:14:44.050 [main] DEBUG UpdnLib - [chkMissData] blockNo=1, seqNo=2, missCnt=0
17:14:44.261 [main] DEBUG UpdnLib - [sndDataMulti](2/2) DtoFileList{sendDt='20230614', infoCd='R00', sendCd='A003', recvCd='0181', seqNo='001', filePath='C:\itjProject\HpnBbnkDemon\docs\HpnBbnkDemon\send\ABRQ20230614_A0030181R00.001', retCd='false'}
17:14:44.654 [main] DEBUG UpdnLib - [upLoadProcess] sendFile=[C:\itjProject\HpnBbnkDemon\docs\HpnBbnkDemon\send\ABRQ20230614_A0030181R00.001]
17:14:44.655 [main] DEBUG Util - [controlSpeed] MAX_BPS=[2M]
17:14:44.851 [main] DEBUG UpdnLib - [chkMissData] blockNo=1, seqNo=2, missCnt=0
17:14:45.071 [main] DEBUG HpnBbnk - [sendDataMulti](RESULT) DtoFileList{sendDt='20230614', infoCd='R00', sendCd='A002', recvCd='0181', seqNo='001', filePath='C:\itjProject\HpnBbnkDemon\docs\HpnBbnkDemon\send\ABRQ20230614_A0020181R00.001', retCd='true'}
17:14:45.071 [main] DEBUG HpnBbnk - [sendDataMulti](RESULT) DtoFileList{sendDt='20230614', infoCd='R00', sendCd='A003', recvCd='0181', seqNo='001', filePath='C:\itjProject\HpnBbnkDemon\docs\HpnBbnkDemon\send\ABRQ20230614_A0030181R00.001', retCd='true'}
17:14:45.073 [main] DEBUG HpnBbnkDemon - [resultTreat] C:\itjProject\HpnBbnkDemon\docs\HpnBbnkDemon\send\ABRP20230614_A0020181R00.001.OK
17:14:45.073 [main] DEBUG HpnBbnkDemon - [moveDataFile] => C:\itjProject\HpnBbnkDemon\docs\HpnBbnkDemon\send\usedfile\ABRQ20230614_A0020181R00.001.171445
17:14:45.083 [main] DEBUG HpnBbnkDemon - [resultTreat] C:\itjProject\HpnBbnkDemon\docs\HpnBbnkDemon\send\ABRP20230614_A0030181R00.001.OK
17:14:45.084 [main] DEBUG HpnBbnkDemon - [moveDataFile] => C:\itjProject\HpnBbnkDemon\docs\HpnBbnkDemon\send\usedfile\ABRQ20230614_A0030181R00.001.171445
17:14:45.087 [main] DEBUG HpnBbnkDemon - [chkRcvData] work 4 hyphenId:A002
17:14:45.087 [main] DEBUG HpnBbnk - [recvDataMulti](START) sendCd=A002, recvCd=9999, infoCd=ZZZ, fromDt=20230607, toDt=20230614, findRng=E, sFNmTp=DFLT, recvDir=C:\itjProject\HpnBbnkDemon\docs\HpnBbnkDemon\recv, runMode=T
17:14:45.087 [main] DEBUG UpdnLib - [rcvDataMulti] ipAddr=210.181.28.96, port=29994, sendCd=A002, recvCd=9999, infoCd=ZZZ, fromDt=230607, toDt=230614, fRng=MSG_TP_REQ_YET, fNmTp=DEFAULT, recvDir=C:\itjProject\HpnBbnkDemon\docs\HpnBbnkDemon\recv, zipYn=false, encTp=SEED
17:14:46.069 [main] DEBUG UpdnLib - [chkRplyMsg] NO_DATA
17:14:46.185 [main] DEBUG HpnBbnk - [recvDataMulti](NO_DATA) sendCd=A002, recvCd=9999, infoCd=ZZZ, fromDt=230607, toDt=230614, findRng=E, runMode=T
17:14:46.185 [main] DEBUG HpnBbnkDemon - [chkRcvData](A002) NO_DATA
17:14:46.185 [main] DEBUG HpnBbnkDemon - [chkRcvData] work 4 hyphenId:A003
17:14:46.185 [main] DEBUG HpnBbnk - [recvDataMulti](START) sendCd=A003, recvCd=9999, infoCd=ZZZ, fromDt=20230607, toDt=20230614, findRng=E, sFNmTp=DFLT, recvDir=C:\itjProject\HpnBbnkDemon\docs\HpnBbnkDemon\recv, runMode=T
17:14:46.185 [main] DEBUG UpdnLib - [rcvDataMulti] ipAddr=210.181.28.96, port=29994, sendCd=A003, recvCd=9999, infoCd=ZZZ, fromDt=230607, toDt=230614, fRng=MSG_TP_REQ_YET, fNmTp=DEFAULT, recvDir=C:\itjProject\HpnBbnkDemon\docs\HpnBbnkDemon\recv, zipYn=false, encTp=SEED
17:14:47.058 [main] DEBUG UpdnLib - [chkRplyMsg] NO_DATA
17:14:47.158 [main] DEBUG HpnBbnk - [recvDataMulti](NO_DATA) sendCd=A003, recvCd=9999, infoCd=ZZZ, fromDt=230607, toDt=230614, findRng=E, runMode=T
17:14:47.158 [main] DEBUG HpnBbnkDemon - [chkRcvData](A003) NO_DATA
17:14:47.159 [main] DEBUG HpnBbnkDemon - WAIT...


17:15:56.129 [main] DEBUG Config - resource=/C:/itjProject/HpnBbnkDemon/docs/HpnBbnkDemon/hpnbbnk.properties
17:15:56.143 [main] DEBUG LogFactory - Logging initialized using 'class com.hyphen.fbnk.bbnk.logging.Slf4jImpl' adapter...
17:15:56.143 [main] DEBUG LogFactory - isDebugEnabled=true, isTraceEnabled=false
17:15:56.145 [main] DEBUG Config - hyphenId=A002
17:15:56.145 [main] DEBUG Config - hyphenId=A003
17:15:56.145 [main] DEBUG Config - sendDir=C:\itjProject\HpnBbnkDemon\docs\HpnBbnkDemon\send, usedDir=C:\itjProject\HpnBbnkDemon\docs\HpnBbnkDemon\send\usedfile, recvDir=C:\itjProject\HpnBbnkDemon\docs\HpnBbnkDemon\recv, recvDataTp=ZZZ, fromDate=20230607, toDate=20230614, reqTp=E, monitTerm=10, delnYn=false, zipYn=false, netBps=2M, fileNameTp=DFLT, runMode=T, customIpYn=N
17:15:56.167 [main] DEBUG HpnBbnkDemon - [chkRcvData] work 4 hyphenId:A002
17:15:56.167 [main] DEBUG HpnBbnk - [recvDataMulti](START) sendCd=A002, recvCd=9999, infoCd=ZZZ, fromDt=20230607, toDt=20230614, findRng=E, sFNmTp=DFLT, recvDir=C:\itjProject\HpnBbnkDemon\docs\HpnBbnkDemon\recv, runMode=T
17:15:56.171 [main] DEBUG UpdnLib - [rcvDataMulti] ipAddr=210.181.28.96, port=29994, sendCd=A002, recvCd=9999, infoCd=ZZZ, fromDt=230607, toDt=230614, fRng=MSG_TP_REQ_YET, fNmTp=DEFAULT, recvDir=C:\itjProject\HpnBbnkDemon\docs\HpnBbnkDemon\recv, zipYn=false, encTp=SEED
17:16:00.758 [main] ERROR UpdnLib - java.lang.Exception: Abnormal RtnCode:[91]
17:16:00.758 [main] DEBUG HpnBbnk - [recvDataMulti](NO_DATA) sendCd=A002, recvCd=9999, infoCd=ZZZ, fromDt=230607, toDt=230614, findRng=E, runMode=T
17:16:00.758 [main] DEBUG HpnBbnkDemon - [chkRcvData](A002) NO_DATA
17:16:00.758 [main] DEBUG HpnBbnkDemon - [chkRcvData] work 4 hyphenId:A003
17:16:00.758 [main] DEBUG HpnBbnk - [recvDataMulti](START) sendCd=A003, recvCd=9999, infoCd=ZZZ, fromDt=20230607, toDt=20230614, findRng=E, sFNmTp=DFLT, recvDir=C:\itjProject\HpnBbnkDemon\docs\HpnBbnkDemon\recv, runMode=T
17:16:00.758 [main] DEBUG UpdnLib - [rcvDataMulti] ipAddr=210.181.28.96, port=29994, sendCd=A003, recvCd=9999, infoCd=ZZZ, fromDt=230607, toDt=230614, fRng=MSG_TP_REQ_YET, fNmTp=DEFAULT, recvDir=C:\itjProject\HpnBbnkDemon\docs\HpnBbnkDemon\recv, zipYn=false, encTp=SEED
17:16:01.561 [main] ERROR UpdnLib - java.lang.Exception: Abnormal RtnCode:[91]
17:16:01.561 [main] DEBUG HpnBbnk - [recvDataMulti](NO_DATA) sendCd=A003, recvCd=9999, infoCd=ZZZ, fromDt=230607, toDt=230614, findRng=E, runMode=T
17:16:01.561 [main] DEBUG HpnBbnkDemon - [chkRcvData](A003) NO_DATA
17:16:01.561 [main] DEBUG HpnBbnkDemon - WAIT...


